#
# There is insufficient memory for the Java Runtime Environment to continue.
# Native memory allocation (malloc) failed to allocate 32784 bytes for Chunk::new
# Possible reasons:
#   The system is out of physical RAM or swap space
#   The process is running with CompressedOops enabled, and the Java Heap may be blocking the growth of the native heap
# Possible solutions:
#   Reduce memory load on the system
#   Increase physical memory or swap space
#   Check if swap backing store is full
#   Decrease Java heap size (-Xmx/-Xms)
#   Decrease number of Java threads
#   Decrease Java thread stack sizes (-Xss)
#   Set larger code cache with -XX:ReservedCodeCacheSize=
#   JVM is running with Zero Based Compressed Oops mode in which the Java heap is
#     placed in the first 32GB address space. The Java Heap base address is the
#     maximum limit for the native heap growth. Please use -XX:HeapBaseMinAddress
#     to set the Java Heap base and to place the Java Heap above 32GB virtual address.
# This output file may be truncated or incomplete.
#
#  Out of Memory Error (./open/src/hotspot/share/memory/arena.cpp:195), pid=47440, tid=6084
#
# JRE version: Java(TM) SE Runtime Environment (14.0.2+12) (build 14.0.2+12-46)
# Java VM: Java HotSpot(TM) 64-Bit Server VM (14.0.2+12-46, mixed mode, sharing, tiered, compressed oops, g1 gc, windows-amd64)
# No core dump will be written. Minidumps are not enabled by default on client versions of Windows
#

---------------  S U M M A R Y ------------

Command Line: -Dclassworlds.conf=E:\Downloads\apache-maven-3.6.3\bin\..\bin\m2.conf -Dmaven.home=E:\Downloads\apache-maven-3.6.3\bin\.. -Dlibrary.jansi.path=E:\Downloads\apache-maven-3.6.3\bin\..\lib\jansi-native -Dmaven.multiModuleProjectDirectory=D:\PWproject\spring-cinema-tickets org.codehaus.plexus.classworlds.launcher.Launcher package

Host: Intel(R) Core(TM) i7 CPU         870  @ 2.93GHz, 8 cores, 11G,  Windows 8.1 , 64 bit Build 9600 (6.3.9600.19719)
Time: Thu Aug 13 02:48:09 2020 Europa Zachodnia (czas letni) elapsed time: 38 seconds (0d 0h 0m 38s)

---------------  T H R E A D  ---------------

Current thread (0x000000ec1dbe9800):  JavaThread "C2 CompilerThread0" daemon [_thread_in_native, id=6084, stack(0x000000ec1f0f0000,0x000000ec1f1f0000)]


Current CompileTask:
C2:  38696 3582  s    4       org.fusesource.jansi.AnsiPrintStream::filter (948 bytes)

Stack: [0x000000ec1f0f0000,0x000000ec1f1f0000]
Native frames: (J=compiled Java code, j=interpreted, Vv=VM code, C=native code)
V  [jvm.dll+0x5f8a9a]
V  [jvm.dll+0x74247a]
V  [jvm.dll+0x743c2f]
V  [jvm.dll+0x744273]
V  [jvm.dll+0x20d288]
V  [jvm.dll+0xabb07]
V  [jvm.dll+0xabc7d]
V  [jvm.dll+0x651a2c]
V  [jvm.dll+0x5144dc]
V  [jvm.dll+0x67c849]
V  [jvm.dll+0x67b9e7]
V  [jvm.dll+0x51d1ac]
V  [jvm.dll+0x50d6c8]
V  [jvm.dll+0x1ee036]
V  [jvm.dll+0x1e7716]
V  [jvm.dll+0x1e4f98]
V  [jvm.dll+0x1779cc]
V  [jvm.dll+0x1f4105]
V  [jvm.dll+0x1f22eb]
V  [jvm.dll+0x7070cd]
V  [jvm.dll+0x6ffeda]
V  [jvm.dll+0x5f78f6]
C  [ucrtbase.DLL+0x203ba]
C  [KERNEL32.DLL+0x1412]
C  [ntdll.dll+0x154f4]


---------------  P R O C E S S  ---------------

Threads class SMR info:
_java_thread_list=0x000000ec21fbc120, length=14, elements={
0x000000ec7c072800, 0x000000ec1dbc0800, 0x000000ec1dbc2000, 0x000000ec1dbe1000,
0x000000ec1dbe2000, 0x000000ec1dbe4800, 0x000000ec1dbe9800, 0x000000ec1dbed800,
0x000000ec1dbf6800, 0x000000ec1e7ad000, 0x000000ec1e7d3000, 0x000000ec22005800,
0x000000ec2093b800, 0x000000ec21af6800
}

Java Threads: ( => current thread )
  0x000000ec7c072800 JavaThread "main" [_thread_in_native, id=18000, stack(0x000000ec7b720000,0x000000ec7b820000)]
  0x000000ec1dbc0800 JavaThread "Reference Handler" daemon [_thread_blocked, id=14064, stack(0x000000ec1eb00000,0x000000ec1ec00000)]
  0x000000ec1dbc2000 JavaThread "Finalizer" daemon [_thread_blocked, id=29912, stack(0x000000ec1ec00000,0x000000ec1ed00000)]
  0x000000ec1dbe1000 JavaThread "Signal Dispatcher" daemon [_thread_blocked, id=36460, stack(0x000000ec1edf0000,0x000000ec1eef0000)]
  0x000000ec1dbe2000 JavaThread "Attach Listener" daemon [_thread_blocked, id=33432, stack(0x000000ec1eef0000,0x000000ec1eff0000)]
  0x000000ec1dbe4800 JavaThread "Service Thread" daemon [_thread_blocked, id=8400, stack(0x000000ec1eff0000,0x000000ec1f0f0000)]
=>0x000000ec1dbe9800 JavaThread "C2 CompilerThread0" daemon [_thread_in_native, id=6084, stack(0x000000ec1f0f0000,0x000000ec1f1f0000)]
  0x000000ec1dbed800 JavaThread "C1 CompilerThread0" daemon [_thread_blocked, id=2788, stack(0x000000ec1f1f0000,0x000000ec1f2f0000)]
  0x000000ec1dbf6800 JavaThread "Sweeper thread" daemon [_thread_blocked, id=43772, stack(0x000000ec1f2f0000,0x000000ec1f3f0000)]
  0x000000ec1e7ad000 JavaThread "Notification Thread" daemon [_thread_blocked, id=36060, stack(0x000000ec1f3f0000,0x000000ec1f4f0000)]
  0x000000ec1e7d3000 JavaThread "Common-Cleaner" daemon [_thread_blocked, id=27456, stack(0x000000ec1f5f0000,0x000000ec1f6f0000)]
  0x000000ec22005800 JavaThread "Exec Stream Pumper" daemon [_thread_in_native, id=31656, stack(0x000000ec20fc0000,0x000000ec210c0000)]
  0x000000ec2093b800 JavaThread "Exec Stream Pumper" daemon [_thread_in_native, id=4800, stack(0x000000ec22990000,0x000000ec22a90000)]
  0x000000ec21af6800 JavaThread "Exec Input Stream Pumper" daemon [_thread_blocked, id=40496, stack(0x000000ec22a90000,0x000000ec22b90000)]

Other Threads:
  0x000000ec1dbbe000 VMThread "VM Thread" [stack: 0x000000ec1ea00000,0x000000ec1eb00000] [id=20200]
  0x000000ec1e7b4000 WatcherThread [stack: 0x000000ec1f4f0000,0x000000ec1f5f0000] [id=23636]
  0x000000ec7c0c6800 GCTaskThread "GC Thread#0" [stack: 0x000000ec7d720000,0x000000ec7d820000] [id=4360]
  0x000000ec1fee4800 GCTaskThread "GC Thread#1" [stack: 0x000000ec210c0000,0x000000ec211c0000] [id=38840]
  0x000000ec20077000 GCTaskThread "GC Thread#2" [stack: 0x000000ec211c0000,0x000000ec212c0000] [id=47820]
  0x000000ec20078000 GCTaskThread "GC Thread#3" [stack: 0x000000ec212c0000,0x000000ec213c0000] [id=37796]
  0x000000ec7c0e1800 ConcurrentGCThread "G1 Main Marker" [stack: 0x000000ec7d820000,0x000000ec7d920000] [id=19772]
  0x000000ec7c0e3800 ConcurrentGCThread "G1 Conc#0" [stack: 0x000000ec7d920000,0x000000ec7da20000] [id=23828]
  0x000000ec1daa0800 ConcurrentGCThread "G1 Refine#0" [stack: 0x000000ec1dc00000,0x000000ec1dd00000] [id=48260]
  0x000000ec1daa3800 ConcurrentGCThread "G1 Young RemSet Sampling" [stack: 0x000000ec1dd00000,0x000000ec1de00000] [id=17476]

Threads with active compile tasks:
C2 CompilerThread0    38739 3582  s    4       org.fusesource.jansi.AnsiPrintStream::filter (948 bytes)

VM state:not at safepoint (normal execution)

VM Mutex/Monitor currently owned by a thread: None

Heap address: 0x0000000740000000, size: 3072 MB, Compressed Oops mode: Zero based, Oop shift amount: 3
Narrow klass base: 0x0000000800000000, Narrow klass shift: 3
Compressed class space size: 1073741824 Address: 0x0000000800b30000

Heap:
 garbage-first heap   total 196608K, used 106391K [0x0000000740000000, 0x0000000800000000)
  region size 1024K, 102 young (104448K), 2 survivors (2048K)
 Metaspace       used 14850K, capacity 16171K, committed 16256K, reserved 1062912K
  class space    used 1680K, capacity 1911K, committed 1920K, reserved 1048576K
Heap Regions: E=young(eden), S=young(survivor), O=old, HS=humongous(starts), HC=humongous(continues), CS=collection set, F=free, OA=open archive, CA=closed archive, TAMS=top-at-mark-start (previous, next)
|   0|0x0000000740000000, 0x0000000740100000, 0x0000000740100000|100%| O|  |TAMS 0x0000000740000000, 0x0000000740000000| Untracked 
|   1|0x0000000740100000, 0x0000000740200000, 0x0000000740200000|100%| O|  |TAMS 0x0000000740100000, 0x0000000740100000| Untracked 
|   2|0x0000000740200000, 0x0000000740300000, 0x0000000740300000|100%| O|  |TAMS 0x0000000740200000, 0x0000000740200000| Untracked 
|   3|0x0000000740300000, 0x000000074033f200, 0x0000000740400000| 24%| O|  |TAMS 0x0000000740300000, 0x0000000740300000| Untracked 
|   4|0x0000000740400000, 0x0000000740400000, 0x0000000740500000|  0%| F|  |TAMS 0x0000000740400000, 0x0000000740400000| Untracked 
|   5|0x0000000740500000, 0x0000000740500000, 0x0000000740600000|  0%| F|  |TAMS 0x0000000740500000, 0x0000000740500000| Untracked 
|   6|0x0000000740600000, 0x0000000740600000, 0x0000000740700000|  0%| F|  |TAMS 0x0000000740600000, 0x0000000740600000| Untracked 
|   7|0x0000000740700000, 0x0000000740700000, 0x0000000740800000|  0%| F|  |TAMS 0x0000000740700000, 0x0000000740700000| Untracked 
|   8|0x0000000740800000, 0x0000000740800000, 0x0000000740900000|  0%| F|  |TAMS 0x0000000740800000, 0x0000000740800000| Untracked 
|   9|0x0000000740900000, 0x0000000740900000, 0x0000000740a00000|  0%| F|  |TAMS 0x0000000740900000, 0x0000000740900000| Untracked 
|  10|0x0000000740a00000, 0x0000000740a00000, 0x0000000740b00000|  0%| F|  |TAMS 0x0000000740a00000, 0x0000000740a00000| Untracked 
|  11|0x0000000740b00000, 0x0000000740b00000, 0x0000000740c00000|  0%| F|  |TAMS 0x0000000740b00000, 0x0000000740b00000| Untracked 
|  12|0x0000000740c00000, 0x0000000740c00000, 0x0000000740d00000|  0%| F|  |TAMS 0x0000000740c00000, 0x0000000740c00000| Untracked 
|  13|0x0000000740d00000, 0x0000000740d00000, 0x0000000740e00000|  0%| F|  |TAMS 0x0000000740d00000, 0x0000000740d00000| Untracked 
|  14|0x0000000740e00000, 0x0000000740e00000, 0x0000000740f00000|  0%| F|  |TAMS 0x0000000740e00000, 0x0000000740e00000| Untracked 
|  15|0x0000000740f00000, 0x0000000740f00000, 0x0000000741000000|  0%| F|  |TAMS 0x0000000740f00000, 0x0000000740f00000| Untracked 
|  16|0x0000000741000000, 0x0000000741000000, 0x0000000741100000|  0%| F|  |TAMS 0x0000000741000000, 0x0000000741000000| Untracked 
|  17|0x0000000741100000, 0x0000000741100000, 0x0000000741200000|  0%| F|  |TAMS 0x0000000741100000, 0x0000000741100000| Untracked 
|  18|0x0000000741200000, 0x0000000741200000, 0x0000000741300000|  0%| F|  |TAMS 0x0000000741200000, 0x0000000741200000| Untracked 
|  19|0x0000000741300000, 0x0000000741300000, 0x0000000741400000|  0%| F|  |TAMS 0x0000000741300000, 0x0000000741300000| Untracked 
|  20|0x0000000741400000, 0x0000000741400000, 0x0000000741500000|  0%| F|  |TAMS 0x0000000741400000, 0x0000000741400000| Untracked 
|  21|0x0000000741500000, 0x0000000741500000, 0x0000000741600000|  0%| F|  |TAMS 0x0000000741500000, 0x0000000741500000| Untracked 
|  22|0x0000000741600000, 0x0000000741600000, 0x0000000741700000|  0%| F|  |TAMS 0x0000000741600000, 0x0000000741600000| Untracked 
|  23|0x0000000741700000, 0x0000000741700000, 0x0000000741800000|  0%| F|  |TAMS 0x0000000741700000, 0x0000000741700000| Untracked 
|  24|0x0000000741800000, 0x0000000741800000, 0x0000000741900000|  0%| F|  |TAMS 0x0000000741800000, 0x0000000741800000| Untracked 
|  25|0x0000000741900000, 0x0000000741900000, 0x0000000741a00000|  0%| F|  |TAMS 0x0000000741900000, 0x0000000741900000| Untracked 
|  26|0x0000000741a00000, 0x0000000741a00000, 0x0000000741b00000|  0%| F|  |TAMS 0x0000000741a00000, 0x0000000741a00000| Untracked 
|  27|0x0000000741b00000, 0x0000000741b00000, 0x0000000741c00000|  0%| F|  |TAMS 0x0000000741b00000, 0x0000000741b00000| Untracked 
|  28|0x0000000741c00000, 0x0000000741c00000, 0x0000000741d00000|  0%| F|  |TAMS 0x0000000741c00000, 0x0000000741c00000| Untracked 
|  29|0x0000000741d00000, 0x0000000741d00000, 0x0000000741e00000|  0%| F|  |TAMS 0x0000000741d00000, 0x0000000741d00000| Untracked 
|  30|0x0000000741e00000, 0x0000000741e00000, 0x0000000741f00000|  0%| F|  |TAMS 0x0000000741e00000, 0x0000000741e00000| Untracked 
|  31|0x0000000741f00000, 0x0000000741f00000, 0x0000000742000000|  0%| F|  |TAMS 0x0000000741f00000, 0x0000000741f00000| Untracked 
|  32|0x0000000742000000, 0x0000000742000000, 0x0000000742100000|  0%| F|  |TAMS 0x0000000742000000, 0x0000000742000000| Untracked 
|  33|0x0000000742100000, 0x0000000742100000, 0x0000000742200000|  0%| F|  |TAMS 0x0000000742100000, 0x0000000742100000| Untracked 
|  34|0x0000000742200000, 0x0000000742200000, 0x0000000742300000|  0%| F|  |TAMS 0x0000000742200000, 0x0000000742200000| Untracked 
|  35|0x0000000742300000, 0x0000000742300000, 0x0000000742400000|  0%| F|  |TAMS 0x0000000742300000, 0x0000000742300000| Untracked 
|  36|0x0000000742400000, 0x0000000742400000, 0x0000000742500000|  0%| F|  |TAMS 0x0000000742400000, 0x0000000742400000| Untracked 
|  37|0x0000000742500000, 0x0000000742500000, 0x0000000742600000|  0%| F|  |TAMS 0x0000000742500000, 0x0000000742500000| Untracked 
|  38|0x0000000742600000, 0x0000000742600000, 0x0000000742700000|  0%| F|  |TAMS 0x0000000742600000, 0x0000000742600000| Untracked 
|  39|0x0000000742700000, 0x0000000742700000, 0x0000000742800000|  0%| F|  |TAMS 0x0000000742700000, 0x0000000742700000| Untracked 
|  40|0x0000000742800000, 0x0000000742800000, 0x0000000742900000|  0%| F|  |TAMS 0x0000000742800000, 0x0000000742800000| Untracked 
|  41|0x0000000742900000, 0x0000000742900000, 0x0000000742a00000|  0%| F|  |TAMS 0x0000000742900000, 0x0000000742900000| Untracked 
|  42|0x0000000742a00000, 0x0000000742a00000, 0x0000000742b00000|  0%| F|  |TAMS 0x0000000742a00000, 0x0000000742a00000| Untracked 
|  43|0x0000000742b00000, 0x0000000742b00000, 0x0000000742c00000|  0%| F|  |TAMS 0x0000000742b00000, 0x0000000742b00000| Untracked 
|  44|0x0000000742c00000, 0x0000000742c00000, 0x0000000742d00000|  0%| F|  |TAMS 0x0000000742c00000, 0x0000000742c00000| Untracked 
|  45|0x0000000742d00000, 0x0000000742d00000, 0x0000000742e00000|  0%| F|  |TAMS 0x0000000742d00000, 0x0000000742d00000| Untracked 
|  46|0x0000000742e00000, 0x0000000742e00000, 0x0000000742f00000|  0%| F|  |TAMS 0x0000000742e00000, 0x0000000742e00000| Untracked 
|  47|0x0000000742f00000, 0x0000000742f00000, 0x0000000743000000|  0%| F|  |TAMS 0x0000000742f00000, 0x0000000742f00000| Untracked 
|  48|0x0000000743000000, 0x0000000743000000, 0x0000000743100000|  0%| F|  |TAMS 0x0000000743000000, 0x0000000743000000| Untracked 
|  49|0x0000000743100000, 0x0000000743100000, 0x0000000743200000|  0%| F|  |TAMS 0x0000000743100000, 0x0000000743100000| Untracked 
|  50|0x0000000743200000, 0x0000000743200000, 0x0000000743300000|  0%| F|  |TAMS 0x0000000743200000, 0x0000000743200000| Untracked 
|  51|0x0000000743300000, 0x0000000743300000, 0x0000000743400000|  0%| F|  |TAMS 0x0000000743300000, 0x0000000743300000| Untracked 
|  52|0x0000000743400000, 0x0000000743400000, 0x0000000743500000|  0%| F|  |TAMS 0x0000000743400000, 0x0000000743400000| Untracked 
|  53|0x0000000743500000, 0x0000000743500000, 0x0000000743600000|  0%| F|  |TAMS 0x0000000743500000, 0x0000000743500000| Untracked 
|  54|0x0000000743600000, 0x0000000743600000, 0x0000000743700000|  0%| F|  |TAMS 0x0000000743600000, 0x0000000743600000| Untracked 
|  55|0x0000000743700000, 0x0000000743700000, 0x0000000743800000|  0%| F|  |TAMS 0x0000000743700000, 0x0000000743700000| Untracked 
|  56|0x0000000743800000, 0x0000000743800000, 0x0000000743900000|  0%| F|  |TAMS 0x0000000743800000, 0x0000000743800000| Untracked 
|  57|0x0000000743900000, 0x0000000743900000, 0x0000000743a00000|  0%| F|  |TAMS 0x0000000743900000, 0x0000000743900000| Untracked 
|  58|0x0000000743a00000, 0x0000000743a00000, 0x0000000743b00000|  0%| F|  |TAMS 0x0000000743a00000, 0x0000000743a00000| Untracked 
|  59|0x0000000743b00000, 0x0000000743b00000, 0x0000000743c00000|  0%| F|  |TAMS 0x0000000743b00000, 0x0000000743b00000| Untracked 
|  60|0x0000000743c00000, 0x0000000743c00000, 0x0000000743d00000|  0%| F|  |TAMS 0x0000000743c00000, 0x0000000743c00000| Untracked 
|  61|0x0000000743d00000, 0x0000000743d00000, 0x0000000743e00000|  0%| F|  |TAMS 0x0000000743d00000, 0x0000000743d00000| Untracked 
|  62|0x0000000743e00000, 0x0000000743e00000, 0x0000000743f00000|  0%| F|  |TAMS 0x0000000743e00000, 0x0000000743e00000| Untracked 
|  63|0x0000000743f00000, 0x0000000743f00000, 0x0000000744000000|  0%| F|  |TAMS 0x0000000743f00000, 0x0000000743f00000| Untracked 
|  64|0x0000000744000000, 0x0000000744000000, 0x0000000744100000|  0%| F|  |TAMS 0x0000000744000000, 0x0000000744000000| Untracked 
|  65|0x0000000744100000, 0x0000000744100000, 0x0000000744200000|  0%| F|  |TAMS 0x0000000744100000, 0x0000000744100000| Untracked 
|  66|0x0000000744200000, 0x0000000744200000, 0x0000000744300000|  0%| F|  |TAMS 0x0000000744200000, 0x0000000744200000| Untracked 
|  67|0x0000000744300000, 0x0000000744300000, 0x0000000744400000|  0%| F|  |TAMS 0x0000000744300000, 0x0000000744300000| Untracked 
|  68|0x0000000744400000, 0x0000000744400000, 0x0000000744500000|  0%| F|  |TAMS 0x0000000744400000, 0x0000000744400000| Untracked 
|  69|0x0000000744500000, 0x0000000744500000, 0x0000000744600000|  0%| F|  |TAMS 0x0000000744500000, 0x0000000744500000| Untracked 
|  70|0x0000000744600000, 0x0000000744600000, 0x0000000744700000|  0%| F|  |TAMS 0x0000000744600000, 0x0000000744600000| Untracked 
|  71|0x0000000744700000, 0x0000000744700000, 0x0000000744800000|  0%| F|  |TAMS 0x0000000744700000, 0x0000000744700000| Untracked 
|  72|0x0000000744800000, 0x0000000744800000, 0x0000000744900000|  0%| F|  |TAMS 0x0000000744800000, 0x0000000744800000| Untracked 
|  73|0x0000000744900000, 0x0000000744900000, 0x0000000744a00000|  0%| F|  |TAMS 0x0000000744900000, 0x0000000744900000| Untracked 
|  74|0x0000000744a00000, 0x0000000744a00000, 0x0000000744b00000|  0%| F|  |TAMS 0x0000000744a00000, 0x0000000744a00000| Untracked 
|  75|0x0000000744b00000, 0x0000000744b00000, 0x0000000744c00000|  0%| F|  |TAMS 0x0000000744b00000, 0x0000000744b00000| Untracked 
|  76|0x0000000744c00000, 0x0000000744c00000, 0x0000000744d00000|  0%| F|  |TAMS 0x0000000744c00000, 0x0000000744c00000| Untracked 
|  77|0x0000000744d00000, 0x0000000744d00000, 0x0000000744e00000|  0%| F|  |TAMS 0x0000000744d00000, 0x0000000744d00000| Untracked 
|  78|0x0000000744e00000, 0x0000000744e00000, 0x0000000744f00000|  0%| F|  |TAMS 0x0000000744e00000, 0x0000000744e00000| Untracked 
|  79|0x0000000744f00000, 0x0000000744f00000, 0x0000000745000000|  0%| F|  |TAMS 0x0000000744f00000, 0x0000000744f00000| Untracked 
|  80|0x0000000745000000, 0x0000000745000000, 0x0000000745100000|  0%| F|  |TAMS 0x0000000745000000, 0x0000000745000000| Untracked 
|  81|0x0000000745100000, 0x0000000745100000, 0x0000000745200000|  0%| F|  |TAMS 0x0000000745100000, 0x0000000745100000| Untracked 
|  82|0x0000000745200000, 0x0000000745200000, 0x0000000745300000|  0%| F|  |TAMS 0x0000000745200000, 0x0000000745200000| Untracked 
|  83|0x0000000745300000, 0x0000000745300000, 0x0000000745400000|  0%| F|  |TAMS 0x0000000745300000, 0x0000000745300000| Untracked 
|  84|0x0000000745400000, 0x0000000745400000, 0x0000000745500000|  0%| F|  |TAMS 0x0000000745400000, 0x0000000745400000| Untracked 
|  85|0x0000000745500000, 0x0000000745500000, 0x0000000745600000|  0%| F|  |TAMS 0x0000000745500000, 0x0000000745500000| Untracked 
|  86|0x0000000745600000, 0x0000000745600000, 0x0000000745700000|  0%| F|  |TAMS 0x0000000745600000, 0x0000000745600000| Untracked 
|  87|0x0000000745700000, 0x0000000745700000, 0x0000000745800000|  0%| F|  |TAMS 0x0000000745700000, 0x0000000745700000| Untracked 
|  88|0x0000000745800000, 0x0000000745800000, 0x0000000745900000|  0%| F|  |TAMS 0x0000000745800000, 0x0000000745800000| Untracked 
|  89|0x0000000745900000, 0x0000000745900000, 0x0000000745a00000|  0%| F|  |TAMS 0x0000000745900000, 0x0000000745900000| Untracked 
|  90|0x0000000745a00000, 0x0000000745a00800, 0x0000000745b00000|  0%| E|  |TAMS 0x0000000745a00000, 0x0000000745a00000| Complete 
|  91|0x0000000745b00000, 0x0000000745c00000, 0x0000000745c00000|100%| E|CS|TAMS 0x0000000745b00000, 0x0000000745b00000| Complete 
|  92|0x0000000745c00000, 0x0000000745d00000, 0x0000000745d00000|100%| E|CS|TAMS 0x0000000745c00000, 0x0000000745c00000| Complete 
|  93|0x0000000745d00000, 0x0000000745e00000, 0x0000000745e00000|100%| E|CS|TAMS 0x0000000745d00000, 0x0000000745d00000| Complete 
|  94|0x0000000745e00000, 0x0000000745f00000, 0x0000000745f00000|100%| E|CS|TAMS 0x0000000745e00000, 0x0000000745e00000| Complete 
|  95|0x0000000745f00000, 0x0000000746000000, 0x0000000746000000|100%| E|CS|TAMS 0x0000000745f00000, 0x0000000745f00000| Complete 
|  96|0x0000000746000000, 0x0000000746100000, 0x0000000746100000|100%| E|CS|TAMS 0x0000000746000000, 0x0000000746000000| Complete 
|  97|0x0000000746100000, 0x0000000746200000, 0x0000000746200000|100%| E|CS|TAMS 0x0000000746100000, 0x0000000746100000| Complete 
|  98|0x0000000746200000, 0x0000000746300000, 0x0000000746300000|100%| E|CS|TAMS 0x0000000746200000, 0x0000000746200000| Complete 
|  99|0x0000000746300000, 0x0000000746400000, 0x0000000746400000|100%| E|CS|TAMS 0x0000000746300000, 0x0000000746300000| Complete 
| 100|0x0000000746400000, 0x0000000746500000, 0x0000000746500000|100%| E|CS|TAMS 0x0000000746400000, 0x0000000746400000| Complete 
| 101|0x0000000746500000, 0x0000000746600000, 0x0000000746600000|100%| E|CS|TAMS 0x0000000746500000, 0x0000000746500000| Complete 
| 102|0x0000000746600000, 0x0000000746700000, 0x0000000746700000|100%| E|CS|TAMS 0x0000000746600000, 0x0000000746600000| Complete 
| 103|0x0000000746700000, 0x0000000746800000, 0x0000000746800000|100%| E|CS|TAMS 0x0000000746700000, 0x0000000746700000| Complete 
| 104|0x0000000746800000, 0x0000000746900000, 0x0000000746900000|100%| E|CS|TAMS 0x0000000746800000, 0x0000000746800000| Complete 
| 105|0x0000000746900000, 0x0000000746a00000, 0x0000000746a00000|100%| E|CS|TAMS 0x0000000746900000, 0x0000000746900000| Complete 
| 106|0x0000000746a00000, 0x0000000746b00000, 0x0000000746b00000|100%| E|CS|TAMS 0x0000000746a00000, 0x0000000746a00000| Complete 
| 107|0x0000000746b00000, 0x0000000746c00000, 0x0000000746c00000|100%| E|CS|TAMS 0x0000000746b00000, 0x0000000746b00000| Complete 
| 108|0x0000000746c00000, 0x0000000746d00000, 0x0000000746d00000|100%| E|CS|TAMS 0x0000000746c00000, 0x0000000746c00000| Complete 
| 109|0x0000000746d00000, 0x0000000746e00000, 0x0000000746e00000|100%| E|CS|TAMS 0x0000000746d00000, 0x0000000746d00000| Complete 
| 110|0x0000000746e00000, 0x0000000746f00000, 0x0000000746f00000|100%| E|CS|TAMS 0x0000000746e00000, 0x0000000746e00000| Complete 
| 111|0x0000000746f00000, 0x0000000747000000, 0x0000000747000000|100%| E|CS|TAMS 0x0000000746f00000, 0x0000000746f00000| Complete 
| 112|0x0000000747000000, 0x0000000747100000, 0x0000000747100000|100%| E|CS|TAMS 0x0000000747000000, 0x0000000747000000| Complete 
| 113|0x0000000747100000, 0x0000000747200000, 0x0000000747200000|100%| E|CS|TAMS 0x0000000747100000, 0x0000000747100000| Complete 
| 114|0x0000000747200000, 0x0000000747300000, 0x0000000747300000|100%| E|CS|TAMS 0x0000000747200000, 0x0000000747200000| Complete 
| 115|0x0000000747300000, 0x0000000747400000, 0x0000000747400000|100%| E|CS|TAMS 0x0000000747300000, 0x0000000747300000| Complete 
| 116|0x0000000747400000, 0x0000000747500000, 0x0000000747500000|100%| E|CS|TAMS 0x0000000747400000, 0x0000000747400000| Complete 
| 117|0x0000000747500000, 0x0000000747600000, 0x0000000747600000|100%| E|CS|TAMS 0x0000000747500000, 0x0000000747500000| Complete 
| 118|0x0000000747600000, 0x0000000747700000, 0x0000000747700000|100%| E|CS|TAMS 0x0000000747600000, 0x0000000747600000| Complete 
| 119|0x0000000747700000, 0x0000000747800000, 0x0000000747800000|100%| E|CS|TAMS 0x0000000747700000, 0x0000000747700000| Complete 
| 120|0x0000000747800000, 0x0000000747900000, 0x0000000747900000|100%| E|CS|TAMS 0x0000000747800000, 0x0000000747800000| Complete 
| 121|0x0000000747900000, 0x0000000747a00000, 0x0000000747a00000|100%| E|CS|TAMS 0x0000000747900000, 0x0000000747900000| Complete 
| 122|0x0000000747a00000, 0x0000000747b00000, 0x0000000747b00000|100%| E|CS|TAMS 0x0000000747a00000, 0x0000000747a00000| Complete 
| 123|0x0000000747b00000, 0x0000000747c00000, 0x0000000747c00000|100%| E|CS|TAMS 0x0000000747b00000, 0x0000000747b00000| Complete 
| 124|0x0000000747c00000, 0x0000000747d00000, 0x0000000747d00000|100%| E|CS|TAMS 0x0000000747c00000, 0x0000000747c00000| Complete 
| 125|0x0000000747d00000, 0x0000000747e00000, 0x0000000747e00000|100%| E|CS|TAMS 0x0000000747d00000, 0x0000000747d00000| Complete 
| 126|0x0000000747e00000, 0x0000000747f00000, 0x0000000747f00000|100%| E|CS|TAMS 0x0000000747e00000, 0x0000000747e00000| Complete 
| 127|0x0000000747f00000, 0x0000000748000000, 0x0000000748000000|100%| E|CS|TAMS 0x0000000747f00000, 0x0000000747f00000| Complete 
| 128|0x0000000748000000, 0x0000000748100000, 0x0000000748100000|100%| E|CS|TAMS 0x0000000748000000, 0x0000000748000000| Complete 
| 129|0x0000000748100000, 0x0000000748200000, 0x0000000748200000|100%| E|CS|TAMS 0x0000000748100000, 0x0000000748100000| Complete 
| 130|0x0000000748200000, 0x0000000748300000, 0x0000000748300000|100%| E|CS|TAMS 0x0000000748200000, 0x0000000748200000| Complete 
| 131|0x0000000748300000, 0x0000000748400000, 0x0000000748400000|100%| E|CS|TAMS 0x0000000748300000, 0x0000000748300000| Complete 
| 132|0x0000000748400000, 0x0000000748500000, 0x0000000748500000|100%| E|CS|TAMS 0x0000000748400000, 0x0000000748400000| Complete 
| 133|0x0000000748500000, 0x0000000748600000, 0x0000000748600000|100%| E|CS|TAMS 0x0000000748500000, 0x0000000748500000| Complete 
| 134|0x0000000748600000, 0x0000000748700000, 0x0000000748700000|100%| E|CS|TAMS 0x0000000748600000, 0x0000000748600000| Complete 
| 135|0x0000000748700000, 0x0000000748800000, 0x0000000748800000|100%| E|CS|TAMS 0x0000000748700000, 0x0000000748700000| Complete 
| 136|0x0000000748800000, 0x0000000748900000, 0x0000000748900000|100%| E|CS|TAMS 0x0000000748800000, 0x0000000748800000| Complete 
| 137|0x0000000748900000, 0x0000000748a00000, 0x0000000748a00000|100%| E|CS|TAMS 0x0000000748900000, 0x0000000748900000| Complete 
| 138|0x0000000748a00000, 0x0000000748b00000, 0x0000000748b00000|100%| E|CS|TAMS 0x0000000748a00000, 0x0000000748a00000| Complete 
| 139|0x0000000748b00000, 0x0000000748c00000, 0x0000000748c00000|100%| E|CS|TAMS 0x0000000748b00000, 0x0000000748b00000| Complete 
| 140|0x0000000748c00000, 0x0000000748d00000, 0x0000000748d00000|100%| E|CS|TAMS 0x0000000748c00000, 0x0000000748c00000| Complete 
| 141|0x0000000748d00000, 0x0000000748e00000, 0x0000000748e00000|100%| E|CS|TAMS 0x0000000748d00000, 0x0000000748d00000| Complete 
| 142|0x0000000748e00000, 0x0000000748f00000, 0x0000000748f00000|100%| E|CS|TAMS 0x0000000748e00000, 0x0000000748e00000| Complete 
| 143|0x0000000748f00000, 0x0000000749000000, 0x0000000749000000|100%| E|CS|TAMS 0x0000000748f00000, 0x0000000748f00000| Complete 
| 144|0x0000000749000000, 0x0000000749100000, 0x0000000749100000|100%| E|CS|TAMS 0x0000000749000000, 0x0000000749000000| Complete 
| 145|0x0000000749100000, 0x0000000749200000, 0x0000000749200000|100%| E|CS|TAMS 0x0000000749100000, 0x0000000749100000| Complete 
| 146|0x0000000749200000, 0x0000000749300000, 0x0000000749300000|100%| E|CS|TAMS 0x0000000749200000, 0x0000000749200000| Complete 
| 147|0x0000000749300000, 0x0000000749400000, 0x0000000749400000|100%| E|CS|TAMS 0x0000000749300000, 0x0000000749300000| Complete 
| 148|0x0000000749400000, 0x0000000749500000, 0x0000000749500000|100%| E|CS|TAMS 0x0000000749400000, 0x0000000749400000| Complete 
| 149|0x0000000749500000, 0x0000000749600000, 0x0000000749600000|100%| E|CS|TAMS 0x0000000749500000, 0x0000000749500000| Complete 
| 150|0x0000000749600000, 0x0000000749700000, 0x0000000749700000|100%| E|CS|TAMS 0x0000000749600000, 0x0000000749600000| Complete 
| 151|0x0000000749700000, 0x0000000749800000, 0x0000000749800000|100%| E|CS|TAMS 0x0000000749700000, 0x0000000749700000| Complete 
| 152|0x0000000749800000, 0x0000000749900000, 0x0000000749900000|100%| E|CS|TAMS 0x0000000749800000, 0x0000000749800000| Complete 
| 153|0x0000000749900000, 0x0000000749a00000, 0x0000000749a00000|100%| E|CS|TAMS 0x0000000749900000, 0x0000000749900000| Complete 
| 154|0x0000000749a00000, 0x0000000749b00000, 0x0000000749b00000|100%| E|CS|TAMS 0x0000000749a00000, 0x0000000749a00000| Complete 
| 155|0x0000000749b00000, 0x0000000749c00000, 0x0000000749c00000|100%| E|CS|TAMS 0x0000000749b00000, 0x0000000749b00000| Complete 
| 156|0x0000000749c00000, 0x0000000749d00000, 0x0000000749d00000|100%| E|CS|TAMS 0x0000000749c00000, 0x0000000749c00000| Complete 
| 157|0x0000000749d00000, 0x0000000749da6da0, 0x0000000749e00000| 65%| S|CS|TAMS 0x0000000749d00000, 0x0000000749d00000| Complete 
| 158|0x0000000749e00000, 0x0000000749f00000, 0x0000000749f00000|100%| S|CS|TAMS 0x0000000749e00000, 0x0000000749e00000| Complete 
| 159|0x0000000749f00000, 0x000000074a000000, 0x000000074a000000|100%| E|CS|TAMS 0x0000000749f00000, 0x0000000749f00000| Complete 
| 160|0x000000074a000000, 0x000000074a100000, 0x000000074a100000|100%| E|CS|TAMS 0x000000074a000000, 0x000000074a000000| Complete 
| 161|0x000000074a100000, 0x000000074a200000, 0x000000074a200000|100%| E|CS|TAMS 0x000000074a100000, 0x000000074a100000| Complete 
| 162|0x000000074a200000, 0x000000074a300000, 0x000000074a300000|100%| E|CS|TAMS 0x000000074a200000, 0x000000074a200000| Complete 
| 163|0x000000074a300000, 0x000000074a400000, 0x000000074a400000|100%| E|CS|TAMS 0x000000074a300000, 0x000000074a300000| Complete 
| 164|0x000000074a400000, 0x000000074a500000, 0x000000074a500000|100%| E|CS|TAMS 0x000000074a400000, 0x000000074a400000| Complete 
| 165|0x000000074a500000, 0x000000074a600000, 0x000000074a600000|100%| E|CS|TAMS 0x000000074a500000, 0x000000074a500000| Complete 
| 166|0x000000074a600000, 0x000000074a700000, 0x000000074a700000|100%| E|CS|TAMS 0x000000074a600000, 0x000000074a600000| Complete 
| 167|0x000000074a700000, 0x000000074a800000, 0x000000074a800000|100%| E|CS|TAMS 0x000000074a700000, 0x000000074a700000| Complete 
| 168|0x000000074a800000, 0x000000074a900000, 0x000000074a900000|100%| E|CS|TAMS 0x000000074a800000, 0x000000074a800000| Complete 
| 169|0x000000074a900000, 0x000000074aa00000, 0x000000074aa00000|100%| E|CS|TAMS 0x000000074a900000, 0x000000074a900000| Complete 
| 170|0x000000074aa00000, 0x000000074ab00000, 0x000000074ab00000|100%| E|CS|TAMS 0x000000074aa00000, 0x000000074aa00000| Complete 
| 171|0x000000074ab00000, 0x000000074ac00000, 0x000000074ac00000|100%| E|CS|TAMS 0x000000074ab00000, 0x000000074ab00000| Complete 
| 172|0x000000074ac00000, 0x000000074ad00000, 0x000000074ad00000|100%| E|CS|TAMS 0x000000074ac00000, 0x000000074ac00000| Complete 
| 173|0x000000074ad00000, 0x000000074ae00000, 0x000000074ae00000|100%| E|CS|TAMS 0x000000074ad00000, 0x000000074ad00000| Complete 
| 174|0x000000074ae00000, 0x000000074af00000, 0x000000074af00000|100%| E|CS|TAMS 0x000000074ae00000, 0x000000074ae00000| Complete 
| 175|0x000000074af00000, 0x000000074b000000, 0x000000074b000000|100%| E|CS|TAMS 0x000000074af00000, 0x000000074af00000| Complete 
| 176|0x000000074b000000, 0x000000074b100000, 0x000000074b100000|100%| E|CS|TAMS 0x000000074b000000, 0x000000074b000000| Complete 
| 177|0x000000074b100000, 0x000000074b200000, 0x000000074b200000|100%| E|CS|TAMS 0x000000074b100000, 0x000000074b100000| Complete 
| 178|0x000000074b200000, 0x000000074b300000, 0x000000074b300000|100%| E|CS|TAMS 0x000000074b200000, 0x000000074b200000| Complete 
| 179|0x000000074b300000, 0x000000074b400000, 0x000000074b400000|100%| E|CS|TAMS 0x000000074b300000, 0x000000074b300000| Complete 
| 180|0x000000074b400000, 0x000000074b500000, 0x000000074b500000|100%| E|CS|TAMS 0x000000074b400000, 0x000000074b400000| Complete 
| 181|0x000000074b500000, 0x000000074b600000, 0x000000074b600000|100%| E|CS|TAMS 0x000000074b500000, 0x000000074b500000| Complete 
| 182|0x000000074b600000, 0x000000074b700000, 0x000000074b700000|100%| E|CS|TAMS 0x000000074b600000, 0x000000074b600000| Complete 
| 183|0x000000074b700000, 0x000000074b800000, 0x000000074b800000|100%| E|CS|TAMS 0x000000074b700000, 0x000000074b700000| Complete 
| 184|0x000000074b800000, 0x000000074b900000, 0x000000074b900000|100%| E|CS|TAMS 0x000000074b800000, 0x000000074b800000| Complete 
| 185|0x000000074b900000, 0x000000074ba00000, 0x000000074ba00000|100%| E|CS|TAMS 0x000000074b900000, 0x000000074b900000| Complete 
| 186|0x000000074ba00000, 0x000000074bb00000, 0x000000074bb00000|100%| E|CS|TAMS 0x000000074ba00000, 0x000000074ba00000| Complete 
| 187|0x000000074bb00000, 0x000000074bc00000, 0x000000074bc00000|100%| E|CS|TAMS 0x000000074bb00000, 0x000000074bb00000| Complete 
| 188|0x000000074bc00000, 0x000000074bd00000, 0x000000074bd00000|100%| E|CS|TAMS 0x000000074bc00000, 0x000000074bc00000| Complete 
| 189|0x000000074bd00000, 0x000000074be00000, 0x000000074be00000|100%| E|CS|TAMS 0x000000074bd00000, 0x000000074bd00000| Complete 
| 190|0x000000074be00000, 0x000000074bf00000, 0x000000074bf00000|100%| E|CS|TAMS 0x000000074be00000, 0x000000074be00000| Complete 
| 191|0x000000074bf00000, 0x000000074c000000, 0x000000074c000000|100%| E|CS|TAMS 0x000000074bf00000, 0x000000074bf00000| Complete 

Card table byte_map: [0x000000ec7ca50000,0x000000ec7d050000] _byte_map_base: 0x000000ec79050000

Marking Bits (Prev, Next): (CMBitMap*) 0x000000ec7c0c84b8, (CMBitMap*) 0x000000ec7c0c84f8
 Prev Bits: [0x000000ec176d0000, 0x000000ec1a6d0000)
 Next Bits: [0x000000ec1a6d0000, 0x000000ec1d6d0000)

Polling page: 0x000000ec7b820000

Metaspace:

Usage:
  Non-class:     13.93 MB capacity,    12.86 MB ( 92%) used,     1.04 MB (  8%) free+waste,    20.13 KB ( <1%) overhead. 
      Class:      1.87 MB capacity,     1.64 MB ( 88%) used,   221.54 KB ( 12%) free+waste,     9.19 KB ( <1%) overhead. 
       Both:     15.79 MB capacity,    14.50 MB ( 92%) used,     1.26 MB (  8%) free+waste,    29.31 KB ( <1%) overhead. 

Virtual space:
  Non-class space:       14.00 MB reserved,      14.00 MB (100%) committed 
      Class space:        1.00 GB reserved,       1.88 MB ( <1%) committed 
             Both:        1.01 GB reserved,      15.88 MB (  2%) committed 

Chunk freelists:
   Non-Class:  12.00 KB
       Class:  9.00 KB
        Both:  21.00 KB

MaxMetaspaceSize: 17179869184.00 GB
CompressedClassSpaceSize: 1.00 GB

CodeHeap 'non-profiled nmethods': size=120000Kb used=2119Kb max_used=2119Kb free=117880Kb
 bounds [0x000000ec101a0000, 0x000000ec10410000, 0x000000ec176d0000]
CodeHeap 'profiled nmethods': size=120000Kb used=7944Kb max_used=7944Kb free=112055Kb
 bounds [0x000000ec08c70000, 0x000000ec09440000, 0x000000ec101a0000]
CodeHeap 'non-nmethods': size=5760Kb used=1203Kb max_used=1255Kb free=4556Kb
 bounds [0x000000ec086d0000, 0x000000ec08940000, 0x000000ec08c70000]
 total_blobs=4047 nmethods=3581 adapters=379
 compilation: enabled
              stopped_count=0, restarted_count=0
 full_count=0

Compilation events (20 events):
Event: 4.628 Thread 0x000000ec1dbed800 nmethod 3568 0x000000ec0942e610 code [0x000000ec0942e7c0, 0x000000ec0942ea38]
Event: 4.630 Thread 0x000000ec1dbed800 3571       3       java.lang.invoke.MethodHandles$Lookup::lookupClassOrNull (27 bytes)
Event: 4.630 Thread 0x000000ec1dbed800 nmethod 3571 0x000000ec0942eb10 code [0x000000ec0942eca0, 0x000000ec0942ee78]
Event: 5.655 Thread 0x000000ec1dbed800 3572       3       java.io.FileInputStream::available (5 bytes)
Event: 5.655 Thread 0x000000ec1dbed800 nmethod 3572 0x000000ec0942ef10 code [0x000000ec0942f0c0, 0x000000ec0942f208]
Event: 22.618 Thread 0x000000ec1dbed800 3573       3       org.fusesource.jansi.FilterPrintStream::write (17 bytes)
Event: 22.618 Thread 0x000000ec1dbed800 nmethod 3573 0x000000ec0942f290 code [0x000000ec0942f440, 0x000000ec0942f758]
Event: 22.618 Thread 0x000000ec1dbed800 3574   !   3       java.io.PrintStream::write (66 bytes)
Event: 22.619 Thread 0x000000ec1dbed800 nmethod 3574 0x000000ec0942f890 code [0x000000ec0942faa0, 0x000000ec09430298]
Event: 22.619 Thread 0x000000ec1dbed800 3575  s    3       java.io.BufferedOutputStream::write (35 bytes)
Event: 22.619 Thread 0x000000ec1dbed800 nmethod 3575 0x000000ec09430590 code [0x000000ec09430740, 0x000000ec09430c08]
Event: 23.569 Thread 0x000000ec1dbed800 3576       3       java.io.FileInputStream::read (9 bytes)
Event: 23.569 Thread 0x000000ec1dbed800 nmethod 3576 0x000000ec09430d90 code [0x000000ec09430f40, 0x000000ec094310a8]
Event: 23.604 Thread 0x000000ec1dbed800 3577       3       java.io.FileOutputStream::write (20 bytes)
Event: 23.604 Thread 0x000000ec1dbed800 nmethod 3577 0x000000ec09431190 code [0x000000ec09431340, 0x000000ec09431508]
Event: 23.604 Thread 0x000000ec1dbed800 3578       3       java.io.FileDescriptor$1::getAppend (5 bytes)
Event: 23.604 Thread 0x000000ec1dbed800 nmethod 3578 0x000000ec09431610 code [0x000000ec094317a0, 0x000000ec094318d8]
Event: 23.918 Thread 0x000000ec1dbed800 3580       3       org.fusesource.jansi.FilterPrintStream::write (26 bytes)
Event: 23.919 Thread 0x000000ec1dbed800 nmethod 3580 0x000000ec09431990 code [0x000000ec09431b60, 0x000000ec09432058]
Event: 38.683 Thread 0x000000ec1dbe9800 3582  s    4       org.fusesource.jansi.AnsiPrintStream::filter (948 bytes)

GC Heap History (4 events):
Event: 2.077 GC heap before
{Heap before GC invocations=0 (full 0):
 garbage-first heap   total 196608K, used 23552K [0x0000000740000000, 0x0000000800000000)
  region size 1024K, 23 young (23552K), 0 survivors (0K)
 Metaspace       used 5140K, capacity 7838K, committed 8064K, reserved 1056768K
  class space    used 613K, capacity 893K, committed 896K, reserved 1048576K
}
Event: 2.084 GC heap after
{Heap after GC invocations=1 (full 0):
 garbage-first heap   total 196608K, used 3528K [0x0000000740000000, 0x0000000800000000)
  region size 1024K, 3 young (3072K), 3 survivors (3072K)
 Metaspace       used 5140K, capacity 7838K, committed 8064K, reserved 1056768K
  class space    used 613K, capacity 893K, committed 896K, reserved 1048576K
}
Event: 2.611 GC heap before
{Heap before GC invocations=1 (full 0):
 garbage-first heap   total 196608K, used 34248K [0x0000000740000000, 0x0000000800000000)
  region size 1024K, 33 young (33792K), 3 survivors (3072K)
 Metaspace       used 9527K, capacity 11867K, committed 12032K, reserved 1060864K
  class space    used 1179K, capacity 1484K, committed 1536K, reserved 1048576K
}
Event: 2.615 GC heap after
{Heap after GC invocations=2 (full 0):
 garbage-first heap   total 196608K, used 5015K [0x0000000740000000, 0x0000000800000000)
  region size 1024K, 2 young (2048K), 2 survivors (2048K)
 Metaspace       used 9527K, capacity 11867K, committed 12032K, reserved 1060864K
  class space    used 1179K, capacity 1484K, committed 1536K, reserved 1048576K
}

Deoptimization events (20 events):
Event: 4.573 Thread 0x000000ec7c072800 DEOPT PACKING pc=0x000000ec102543c0 sp=0x000000ec7b81daf0
Event: 4.573 Thread 0x000000ec7c072800 DEOPT UNPACKING pc=0x000000ec08719429 sp=0x000000ec7b81da78 mode 2
Event: 4.573 Thread 0x000000ec7c072800 Uncommon trap: trap_request=0xffffffde fr.pc=0x000000ec102543c0 relative=0x0000000000000080
Event: 4.573 Thread 0x000000ec7c072800 Uncommon trap: reason=class_check action=maybe_recompile pc=0x000000ec102543c0 method=com.google.inject.internal.LinkedBindingImpl.acceptTargetVisitor(Lcom/google/inject/spi/BindingTargetVisitor;)Ljava/lang/Object; @ 2 c2
Event: 4.573 Thread 0x000000ec7c072800 DEOPT PACKING pc=0x000000ec102543c0 sp=0x000000ec7b81daf0
Event: 4.573 Thread 0x000000ec7c072800 DEOPT UNPACKING pc=0x000000ec08719429 sp=0x000000ec7b81da78 mode 2
Event: 4.582 Thread 0x000000ec7c072800 Uncommon trap: trap_request=0xffffff54 fr.pc=0x000000ec1032c24c relative=0x00000000000002ec
Event: 4.582 Thread 0x000000ec7c072800 Uncommon trap: reason=speculate_null_assert action=make_not_entrant pc=0x000000ec1032c24c method=org.eclipse.sisu.inject.RankedBindings$Itr.hasNext()Z @ 80 c2
Event: 4.582 Thread 0x000000ec7c072800 DEOPT PACKING pc=0x000000ec1032c24c sp=0x000000ec7b81df30
Event: 4.582 Thread 0x000000ec7c072800 DEOPT UNPACKING pc=0x000000ec08719429 sp=0x000000ec7b81df18 mode 2
Event: 4.595 Thread 0x000000ec7c072800 DEOPT PACKING pc=0x000000ec08d2ce34 sp=0x000000ec7b817840
Event: 4.595 Thread 0x000000ec7c072800 DEOPT UNPACKING pc=0x000000ec0871993f sp=0x000000ec7b816c40 mode 0
Event: 4.599 Thread 0x000000ec7c072800 Uncommon trap: trap_request=0xffffff45 fr.pc=0x000000ec1024ed5c relative=0x0000000000000abc
Event: 4.599 Thread 0x000000ec7c072800 Uncommon trap: reason=unstable_if action=reinterpret pc=0x000000ec1024ed5c method=com.google.inject.internal.MoreTypes.canonicalize(Ljava/lang/reflect/Type;)Ljava/lang/reflect/Type; @ 118 c2
Event: 4.599 Thread 0x000000ec7c072800 DEOPT PACKING pc=0x000000ec1024ed5c sp=0x000000ec7b81dec0
Event: 4.599 Thread 0x000000ec7c072800 DEOPT UNPACKING pc=0x000000ec08719429 sp=0x000000ec7b81dec0 mode 2
Event: 4.611 Thread 0x000000ec7c072800 Uncommon trap: trap_request=0xffffff76 fr.pc=0x000000ec103ac354 relative=0x0000000000000834
Event: 4.611 Thread 0x000000ec7c072800 Uncommon trap: reason=predicate action=maybe_recompile pc=0x000000ec103ac354 method=java.util.TimSort.binarySort([Ljava/lang/Object;IIILjava/util/Comparator;)V @ 34 c2
Event: 4.611 Thread 0x000000ec7c072800 DEOPT PACKING pc=0x000000ec103ac354 sp=0x000000ec7b81bce0
Event: 4.611 Thread 0x000000ec7c072800 DEOPT UNPACKING pc=0x000000ec08719429 sp=0x000000ec7b81bc90 mode 2

Classes unloaded (0 events):
No events

Classes redefined (0 events):
No events

Internal exceptions (18 events):
Event: 1.465 Thread 0x000000ec7c072800 Exception <a 'java/lang/NoSuchMethodError'{0x000000074bc194d8}: 'int java.lang.invoke.DirectMethodHandle$Holder.invokeSpecialIFC(java.lang.Object, java.lang.Object, int)'> (0x000000074bc194d8) 
thrown [./open/src/hotspot/share/interpreter/linkResolver.cpp, line 766]
Event: 2.721 Thread 0x000000ec7c072800 Exception <a 'java/lang/NoClassDefFoundError'{0x000000074bb12438}: com/google/inject/servlet/ServletModuleTargetVisitor> (0x000000074bb12438) 
thrown [./open/src/hotspot/share/classfile/systemDictionary.cpp, line 215]
Event: 2.721 Thread 0x000000ec7c072800 Exception <a 'java/lang/NoClassDefFoundError'{0x000000074bb153c8}: javax/annotation/Priority> (0x000000074bb153c8) 
thrown [./open/src/hotspot/share/classfile/systemDictionary.cpp, line 215]
Event: 2.776 Thread 0x000000ec7c072800 Exception <a 'java/lang/NoSuchMethodError'{0x000000074ba5e148}: 'java.lang.Object java.lang.invoke.DirectMethodHandle$Holder.invokeStaticInit(java.lang.Object, int, int, int, int)'> (0x000000074ba5e148) 
thrown [./open/src/hotspot/share/interpreter/linkResolver.cpp, line 766]
Event: 2.893 Thread 0x000000ec7c072800 Implicit null exception at 0x000000ec101c3a64 to 0x000000ec101c40e0
Event: 2.893 Thread 0x000000ec7c072800 Implicit null exception at 0x000000ec101d5664 to 0x000000ec101d5cb8
Event: 3.805 Thread 0x000000ec7c072800 Implicit null exception at 0x000000ec10238c85 to 0x000000ec10238ea4
Event: 3.806 Thread 0x000000ec7c072800 Implicit null exception at 0x000000ec102340af to 0x000000ec1023412d
Event: 4.550 Thread 0x000000ec7c072800 Exception <a 'java/lang/NoClassDefFoundError'{0x00000007460a7e68}: org/sonatype/aether/resolution/ArtifactDescriptorException> (0x00000007460a7e68) 
thrown [./open/src/hotspot/share/classfile/systemDictionary.cpp, line 215]
Event: 4.552 Thread 0x000000ec7c072800 Exception <a 'java/lang/NoClassDefFoundError'{0x00000007460c4990}: org/sonatype/aether/installation/InstallationException> (0x00000007460c4990) 
thrown [./open/src/hotspot/share/classfile/systemDictionary.cpp, line 215]
Event: 4.552 Thread 0x000000ec7c072800 Exception <a 'java/lang/NoClassDefFoundError'{0x00000007460d75f0}: org/sonatype/aether/resolution/ArtifactResolutionException> (0x00000007460d75f0) 
thrown [./open/src/hotspot/share/classfile/systemDictionary.cpp, line 215]
Event: 4.554 Thread 0x000000ec7c072800 Exception <a 'java/lang/NoClassDefFoundError'{0x00000007460f75d0}: org/sonatype/aether/collection/DependencyCollectionException> (0x00000007460f75d0) 
thrown [./open/src/hotspot/share/classfile/systemDictionary.cpp, line 215]
Event: 4.557 Thread 0x000000ec7c072800 Exception <a 'java/lang/NoClassDefFoundError'{0x0000000745f3a8c8}: org/sonatype/aether/artifact/Artifact> (0x0000000745f3a8c8) 
thrown [./open/src/hotspot/share/classfile/systemDictionary.cpp, line 215]
Event: 4.562 Thread 0x000000ec7c072800 Exception <a 'java/lang/NoClassDefFoundError'{0x0000000745f97500}: org/sonatype/aether/deployment/DeploymentException> (0x0000000745f97500) 
thrown [./open/src/hotspot/share/classfile/systemDictionary.cpp, line 215]
Event: 4.564 Thread 0x000000ec7c072800 Exception <a 'java/lang/NoClassDefFoundError'{0x0000000745fb9c50}: org/sonatype/aether/artifact/Artifact> (0x0000000745fb9c50) 
thrown [./open/src/hotspot/share/classfile/systemDictionary.cpp, line 215]
Event: 4.626 Thread 0x000000ec7c072800 Exception <a 'java/lang/NoSuchMethodError'{0x0000000745cda5d0}: 'void java.lang.invoke.DirectMethodHandle$Holder.invokeStatic(java.lang.Object, long)'> (0x0000000745cda5d0) 
thrown [./open/src/hotspot/share/interpreter/linkResolver.cpp, line 766]
Event: 4.628 Thread 0x000000ec7c072800 Exception <a 'java/lang/NoSuchMethodError'{0x0000000745ce53b0}: 'java.lang.Object java.lang.invoke.DirectMethodHandle$Holder.invokeStaticInit(java.lang.Object, java.lang.Object, long, java.lang.Object)'> (0x0000000745ce53b0) 
thrown [./open/src/hotspot/share/interpreter/linkResolver.cpp, line 766]
Event: 4.628 Thread 0x000000ec7c072800 Exception <a 'java/lang/NoSuchMethodError'{0x0000000745ceb3d8}: 'java.lang.Object java.lang.invoke.Invokers$Holder.linkToTargetMethod(java.lang.Object, long, java.lang.Object)'> (0x0000000745ceb3d8) 
thrown [./open/src/hotspot/share/interpreter/linkResolver.cpp, line 766]

Events (20 events):
Event: 4.631 loading class java/io/PipedOutputStream done
Event: 4.632 Thread 0x000000ec22005800 Thread added: 0x000000ec22005800
Event: 4.632 Thread 0x000000ec2093b800 Thread added: 0x000000ec2093b800
Event: 4.632 Thread 0x000000ec21af6800 Thread added: 0x000000ec21af6800
Event: 4.632 Executing VM operation: HandshakeOneThread
Event: 4.632 Executing VM operation: HandshakeOneThread done
Event: 4.632 Executing VM operation: HandshakeOneThread
Event: 4.632 Executing VM operation: HandshakeOneThread done
Event: 4.632 Executing VM operation: HandshakeOneThread
Event: 4.632 Executing VM operation: HandshakeOneThread done
Event: 4.632 Executing VM operation: HandshakeOneThread
Event: 4.632 Executing VM operation: HandshakeOneThread done
Event: 4.632 Executing VM operation: HandshakeOneThread
Event: 4.632 Executing VM operation: HandshakeOneThread done
Event: 5.655 Thread 0x000000ec1dbec800 Thread exited: 0x000000ec1dbec800
Event: 14.300 Executing VM operation: HandshakeOneThread
Event: 14.300 Executing VM operation: HandshakeOneThread done
Event: 14.300 Executing VM operation: HandshakeOneThread
Event: 14.300 Executing VM operation: HandshakeOneThread done
Event: 31.301 Loaded shared library C:\Program Files\Java\jdk-14.0.2\bin\java.dll


Dynamic libraries:
0x00007ff6cc890000 - 0x00007ff6cc89f000 	C:\Program Files\Java\jdk-14.0.2\bin\java.exe
0x00007ffed7260000 - 0x00007ffed740d000 	C:\Windows\SYSTEM32\ntdll.dll
0x00007ffed6c10000 - 0x00007ffed6d4f000 	C:\Windows\system32\KERNEL32.DLL
0x00007ffed4720000 - 0x00007ffed4835000 	C:\Windows\system32\KERNELBASE.dll
0x00007ffecb6b0000 - 0x00007ffecb6c8000 	C:\Program Files\Java\jdk-14.0.2\bin\jli.dll
0x00007ffecb690000 - 0x00007ffecb6a5000 	C:\Program Files\Java\jdk-14.0.2\bin\VCRUNTIME140.dll
0x00007ffecde40000 - 0x00007ffecde44000 	C:\Program Files\Java\jdk-14.0.2\bin\api-ms-win-crt-stdio-l1-1-0.dll
0x00007ffecc560000 - 0x00007ffecc564000 	C:\Program Files\Java\jdk-14.0.2\bin\api-ms-win-crt-runtime-l1-1-0.dll
0x00007ffecc220000 - 0x00007ffecc223000 	C:\Program Files\Java\jdk-14.0.2\bin\api-ms-win-crt-environment-l1-1-0.dll
0x00007ffecc200000 - 0x00007ffecc205000 	C:\Program Files\Java\jdk-14.0.2\bin\api-ms-win-crt-math-l1-1-0.dll
0x00007ffecc030000 - 0x00007ffecc033000 	C:\Program Files\Java\jdk-14.0.2\bin\api-ms-win-crt-locale-l1-1-0.dll
0x00007ffecbfb0000 - 0x00007ffecbfb3000 	C:\Program Files\Java\jdk-14.0.2\bin\api-ms-win-crt-heap-l1-1-0.dll
0x00007ffed6e20000 - 0x00007ffed6eca000 	C:\Windows\system32\ADVAPI32.dll
0x00007ffed1a50000 - 0x00007ffed1ccb000 	C:\Windows\WinSxS\amd64_microsoft.windows.common-controls_6595b64144ccf1df_6.0.9600.19394_none_62486577ecb635cf\COMCTL32.dll
0x00007ffed4b30000 - 0x00007ffed4ca7000 	C:\Windows\system32\USER32.dll
0x00007ffecf3a0000 - 0x00007ffecf3aa000 	C:\Windows\SYSTEM32\VERSION.dll
0x00007ffecb680000 - 0x00007ffecb683000 	C:\Program Files\Java\jdk-14.0.2\bin\api-ms-win-crt-filesystem-l1-1-0.dll
0x00007ffecb670000 - 0x00007ffecb674000 	C:\Program Files\Java\jdk-14.0.2\bin\api-ms-win-crt-string-l1-1-0.dll
0x00007ffecb660000 - 0x00007ffecb664000 	C:\Program Files\Java\jdk-14.0.2\bin\api-ms-win-crt-convert-l1-1-0.dll
0x00007ffed6d70000 - 0x00007ffed6e1a000 	C:\Windows\system32\msvcrt.dll
0x00007ffed4ec0000 - 0x00007ffed4f18000 	C:\Windows\SYSTEM32\sechost.dll
0x00007ffed6450000 - 0x00007ffed6590000 	C:\Windows\system32\RPCRT4.dll
0x00007ffed6950000 - 0x00007ffed6a9d000 	C:\Windows\system32\GDI32.dll
0x00007ffebb0f0000 - 0x00007ffebb1ec000 	C:\Program Files\Java\jdk-14.0.2\bin\ucrtbase.DLL
0x00007ffed44c0000 - 0x00007ffed44ee000 	C:\Windows\system32\SspiCli.dll
0x00007ffed6aa0000 - 0x00007ffed6ad6000 	C:\Windows\system32\IMM32.DLL
0x00007ffed6790000 - 0x00007ffed68e1000 	C:\Windows\system32\MSCTF.dll
0x00007ffec9120000 - 0x00007ffec91bb000 	C:\Program Files\Java\jdk-14.0.2\bin\msvcp140.dll
0x00007ffecb650000 - 0x00007ffecb653000 	C:\Program Files\Java\jdk-14.0.2\bin\api-ms-win-crt-time-l1-1-0.dll
0x00007ffecb610000 - 0x00007ffecb613000 	C:\Program Files\Java\jdk-14.0.2\bin\api-ms-win-crt-utility-l1-1-0.dll
0x00007ffe8c030000 - 0x00007ffe8cb4e000 	C:\Program Files\Java\jdk-14.0.2\bin\server\jvm.dll
0x00007ffeb7790000 - 0x00007ffeb7799000 	C:\Windows\SYSTEM32\WSOCK32.dll
0x00007ffecf3b0000 - 0x00007ffecf3d2000 	C:\Windows\SYSTEM32\WINMM.dll
0x00007ffed6590000 - 0x00007ffed6597000 	C:\Windows\system32\PSAPI.DLL
0x00007ffed68f0000 - 0x00007ffed694a000 	C:\Windows\system32\WS2_32.dll
0x00007ffecf300000 - 0x00007ffecf32a000 	C:\Windows\SYSTEM32\WINMMBASE.dll
0x00007ffed4b20000 - 0x00007ffed4b29000 	C:\Windows\system32\NSI.dll
0x00007ffed46d0000 - 0x00007ffed471f000 	C:\Windows\SYSTEM32\cfgmgr32.dll
0x00007ffed31d0000 - 0x00007ffed31f8000 	C:\Windows\SYSTEM32\DEVOBJ.dll
0x00007ffecb600000 - 0x00007ffecb60a000 	C:\Program Files\Java\jdk-14.0.2\bin\jimage.dll
0x00007ffecd210000 - 0x00007ffecd399000 	C:\Windows\SYSTEM32\DBGHELP.DLL
0x00007ffeca610000 - 0x00007ffeca635000 	C:\Program Files\Java\jdk-14.0.2\bin\java.dll
0x00007ffeca5f0000 - 0x00007ffeca606000 	C:\Program Files\Java\jdk-14.0.2\bin\zip.dll
0x00007ffed4f20000 - 0x00007ffed644d000 	C:\Windows\system32\SHELL32.dll
0x00007ffed6ed0000 - 0x00007ffed70e0000 	C:\Windows\SYSTEM32\combase.dll
0x00007ffed6ae0000 - 0x00007ffed6b34000 	C:\Windows\system32\SHLWAPI.dll
0x00007ffed2500000 - 0x00007ffed25b2000 	C:\Windows\SYSTEM32\SHCORE.dll
0x00007ffed4390000 - 0x00007ffed43a5000 	C:\Windows\SYSTEM32\profapi.dll
0x00007ffeca480000 - 0x00007ffeca499000 	C:\Program Files\Java\jdk-14.0.2\bin\net.dll
0x00007ffebdd60000 - 0x00007ffebde29000 	C:\Windows\SYSTEM32\WINHTTP.dll
0x00007ffed3bc0000 - 0x00007ffed3c19000 	C:\Windows\system32\mswsock.dll
0x00007ffeca460000 - 0x00007ffeca472000 	C:\Program Files\Java\jdk-14.0.2\bin\nio.dll
0x00007ffecb5f0000 - 0x00007ffecb600000 	C:\Program Files\Java\jdk-14.0.2\bin\verify.dll
0x00007ffeca5e0000 - 0x00007ffeca5ea000 	E:\Downloads\apache-maven-3.6.3\lib\jansi-native\windows64\jansi.dll

dbghelp: loaded successfully - version: 4.0.5 - missing functions: none
symbol engine: initialized successfully - sym options: 0x614 - pdb path: .;C:\Program Files\Java\jdk-14.0.2\bin;C:\Windows\SYSTEM32;C:\Windows\WinSxS\amd64_microsoft.windows.common-controls_6595b64144ccf1df_6.0.9600.19394_none_62486577ecb635cf;C:\Program Files\Java\jdk-14.0.2\bin\server;E:\Downloads\apache-maven-3.6.3\lib\jansi-native\windows64

VM Arguments:
jvm_args: -Dclassworlds.conf=E:\Downloads\apache-maven-3.6.3\bin\..\bin\m2.conf -Dmaven.home=E:\Downloads\apache-maven-3.6.3\bin\.. -Dlibrary.jansi.path=E:\Downloads\apache-maven-3.6.3\bin\..\lib\jansi-native -Dmaven.multiModuleProjectDirectory=D:\PWproject\spring-cinema-tickets 
java_command: org.codehaus.plexus.classworlds.launcher.Launcher package
java_class_path (initial): E:\Downloads\apache-maven-3.6.3\bin\..\boot\plexus-classworlds-2.6.0.jar
Launcher Type: SUN_STANDARD

[Global flags]
     intx CICompilerCount                          = 4                                         {product} {ergonomic}
     uint ConcGCThreads                            = 2                                         {product} {ergonomic}
     uint G1ConcRefinementThreads                  = 8                                         {product} {ergonomic}
   size_t G1HeapRegionSize                         = 1048576                                   {product} {ergonomic}
    uintx GCDrainStackTargetSize                   = 64                                        {product} {ergonomic}
   size_t InitialHeapSize                          = 201326592                                 {product} {ergonomic}
   size_t MarkStackSize                            = 4194304                                   {product} {ergonomic}
   size_t MaxHeapSize                              = 3221225472                                {product} {ergonomic}
   size_t MaxNewSize                               = 1932525568                                {product} {ergonomic}
   size_t MinHeapDeltaBytes                        = 1048576                                   {product} {ergonomic}
   size_t MinHeapSize                              = 8388608                                   {product} {ergonomic}
    uintx NonNMethodCodeHeapSize                   = 5839372                                {pd product} {ergonomic}
    uintx NonProfiledCodeHeapSize                  = 122909434                              {pd product} {ergonomic}
    uintx ProfiledCodeHeapSize                     = 122909434                              {pd product} {ergonomic}
    uintx ReservedCodeCacheSize                    = 251658240                              {pd product} {ergonomic}
     bool SegmentedCodeCache                       = true                                      {product} {ergonomic}
   size_t SoftMaxHeapSize                          = 3221225472                             {manageable} {ergonomic}
     bool UseCompressedClassPointers               = true                                 {lp64_product} {ergonomic}
     bool UseCompressedOops                        = true                                 {lp64_product} {ergonomic}
     bool UseG1GC                                  = true                                      {product} {ergonomic}
     bool UseLargePagesIndividualAllocation        = false                                  {pd product} {ergonomic}

Logging:
Log output configuration:
 #0: stdout all=warning uptime,level,tags
 #1: stderr all=off uptime,level,tags

Environment Variables:
JAVA_HOME=C:\Program Files\Java\jdk-14.0.2
PATH=C:\oraclexe\app\oracle\product\11.2.0\server\bin;C:\Windows\system32;C:\Windows;C:\Windows\System32\Wbem;C:\Windows\System32\WindowsPowerShell\v1.0\;C:\Program Files (x86)\Skype\Phone\;C:\Program Files (x86)\NVIDIA Corporation\PhysX\Common;C:\Program Files\Git\cmd;E:\Downloads\apache-maven-3.6.3\bin;C:\Program Files\Java\jdk-14.0.2\bin;C:\Program Files\nodejs\;C:\Program Files\MySQL\MySQL Shell 8.0\bin\;C:\Users\Bogdan\AppData\Local\Programs\Python\Python37\Scripts\;C:\Users\Bogdan\AppData\Local\Programs\Python\Python37\;D:\Program Files\Docker Toolbox;C:\Users\Bogdan\AppData\Roaming\npm
USERNAME=Bogdan
OS=Windows_NT
PROCESSOR_IDENTIFIER=Intel64 Family 6 Model 30 Stepping 5, GenuineIntel



---------------  S Y S T E M  ---------------

OS: Windows 8.1 , 64 bit Build 9600 (6.3.9600.19719)
OS uptime: 28 days 16:40 hours

CPU:total 8 (initial active 8) (4 cores per cpu, 2 threads per core) family 6 model 30 stepping 5, cmov, cx8, fxsr, mmx, sse, sse2, sse3, ssse3, sse4.1, sse4.2, popcnt, ht, tsc, tscinvbit

Memory: 4k page, system-wide physical 12286M (2326M free)
TotalPageFile size 12286M (AvailPageFile size 124M)
current process WorkingSet (physical memory assigned to process): 170M, peak: 193M
current process commit charge ("private bytes"): 310M, peak: 336M

vm_info: Java HotSpot(TM) 64-Bit Server VM (14.0.2+12-46) for windows-amd64 JRE (14.0.2+12-46), built on Jul  9 2020 00:35:52 by "mach5one" with MS VC++ 15.9 (VS2017)

END.
